<?xml version="1.0" encoding="UTF-8"?>
<testng-results ignored="0" total="1" passed="0" failed="1" skipped="0">
  <reporter-output>
  </reporter-output>
  <suite started-at="2020-10-13T23:49:51 IST" name="Default suite" finished-at="2020-10-13T23:49:54 IST" duration-ms="3531">
    <groups>
    </groups>
    <test started-at="2020-10-13T23:49:51 IST" name="Default test" finished-at="2020-10-13T23:49:54 IST" duration-ms="3531">
      <class name="com.grid.testcases.LoginToGrid">
        <test-method is-config="true" signature="setUpSuite()[pri:0, instance:com.grid.testcases.LoginToGrid@1ed1993a]" started-at="2020-10-13T23:49:51 IST" name="setUpSuite" finished-at="2020-10-13T23:49:51 IST" duration-ms="5" status="PASS">
          <reporter-output>
          </reporter-output>
        </test-method> <!-- setUpSuite -->
        <test-method is-config="true" signature="setup()[pri:0, instance:com.grid.testcases.LoginToGrid@1ed1993a]" started-at="2020-10-13T23:49:51 IST" name="setup" finished-at="2020-10-13T23:49:54 IST" duration-ms="3010" status="PASS">
          <reporter-output>
          </reporter-output>
        </test-method> <!-- setup -->
        <test-method signature="LoginToGridAs()[pri:0, instance:com.grid.testcases.LoginToGrid@1ed1993a]" started-at="2020-10-13T23:49:54 IST" name="LoginToGridAs" finished-at="2020-10-13T23:49:54 IST" duration-ms="6" status="FAIL">
          <exception class="java.lang.NullPointerException">
            <full-stacktrace>
              <![CDATA[java.lang.NullPointerException
at com.grid.pages.LoginPage.LoginToGrid(LoginPage.java:22)
at com.grid.testcases.LoginToGrid.LoginToGridAs(LoginToGrid.java:16)
at java.base/jdk.internal.reflect.NativeMethodAccessorImpl.invoke0(Native Method)
at java.base/jdk.internal.reflect.NativeMethodAccessorImpl.invoke(NativeMethodAccessorImpl.java:62)
at java.base/jdk.internal.reflect.DelegatingMethodAccessorImpl.invoke(DelegatingMethodAccessorImpl.java:43)
at java.base/java.lang.reflect.Method.invoke(Method.java:566)
at org.testng.internal.MethodInvocationHelper.invokeMethod(MethodInvocationHelper.java:132)
at org.testng.internal.TestInvoker.invokeMethod(TestInvoker.java:599)
at org.testng.internal.TestInvoker.invokeTestMethod(TestInvoker.java:174)
at org.testng.internal.MethodRunner.runInSequence(MethodRunner.java:46)
at org.testng.internal.TestInvoker$MethodInvocationAgent.invoke(TestInvoker.java:822)
at org.testng.internal.TestInvoker.invokeTestMethods(TestInvoker.java:147)
at org.testng.internal.TestMethodWorker.invokeTestMethods(TestMethodWorker.java:146)
at org.testng.internal.TestMethodWorker.run(TestMethodWorker.java:128)
at java.base/java.util.ArrayList.forEach(ArrayList.java:1541)
at org.testng.TestRunner.privateRun(TestRunner.java:764)
at org.testng.TestRunner.run(TestRunner.java:585)
at org.testng.SuiteRunner.runTest(SuiteRunner.java:384)
at org.testng.SuiteRunner.runSequentially(SuiteRunner.java:378)
at org.testng.SuiteRunner.privateRun(SuiteRunner.java:337)
at org.testng.SuiteRunner.run(SuiteRunner.java:286)
at org.testng.SuiteRunnerWorker.runSuite(SuiteRunnerWorker.java:53)
at org.testng.SuiteRunnerWorker.run(SuiteRunnerWorker.java:96)
at org.testng.TestNG.runSuitesSequentially(TestNG.java:1218)
at org.testng.TestNG.runSuitesLocally(TestNG.java:1140)
at org.testng.TestNG.runSuites(TestNG.java:1069)
at org.testng.TestNG.run(TestNG.java:1037)
at org.testng.remote.AbstractRemoteTestNG.run(AbstractRemoteTestNG.java:115)
at org.testng.remote.RemoteTestNG.initAndRun(RemoteTestNG.java:251)
at org.testng.remote.RemoteTestNG.main(RemoteTestNG.java:77)
]]>
            </full-stacktrace>
          </exception> <!-- java.lang.NullPointerException -->
          <reporter-output>
          </reporter-output>
        </test-method> <!-- LoginToGridAs -->
        <test-method is-config="true" signature="tearDownMethod(org.testng.ITestResult)[pri:0, instance:com.grid.testcases.LoginToGrid@1ed1993a]" started-at="2020-10-13T23:49:54 IST" name="tearDownMethod" finished-at="2020-10-13T23:49:54 IST" duration-ms="424" status="PASS">
          <params>
            <param index="0">
              <value>
                <![CDATA[[TestResult name=LoginToGridAs status=FAILURE method=LoginToGrid.LoginToGridAs()[pri:0, instance:com.grid.testcases.LoginToGrid@1ed1993a] output={null}]]]>
              </value>
            </param>
          </params>
          <reporter-output>
          </reporter-output>
        </test-method> <!-- tearDownMethod -->
        <test-method is-config="true" signature="teardown()[pri:0, instance:com.grid.testcases.LoginToGrid@1ed1993a]" started-at="2020-10-13T23:49:54 IST" name="teardown" finished-at="2020-10-13T23:49:54 IST" duration-ms="69" status="PASS">
          <reporter-output>
          </reporter-output>
        </test-method> <!-- teardown -->
      </class> <!-- com.grid.testcases.LoginToGrid -->
    </test> <!-- Default test -->
  </suite> <!-- Default suite -->
</testng-results>
